<?xml version="1.0" encoding="UTF-8"?>
<!-- Generated by org.testng.reporters.JUnitXMLReporter -->
<testsuite hostname="DESKTOP-ESDH7VH" ignored="0" name="Test" tests="2" failures="0" timestamp="27 May 2020 03:12:08 GMT" time="0.628" errors="0">
  <testcase name="@BeforeTest initialize" time="0.458" classname="Academy.HomePage">
    <failure type="java.lang.NoSuchMethodError" message="com.google.common.base.Preconditions.checkState(ZLjava/lang/String;Ljava/lang/Object;)V">
      <![CDATA[java.lang.NoSuchMethodError: com.google.common.base.Preconditions.checkState(ZLjava/lang/String;Ljava/lang/Object;)V
	at org.openqa.selenium.remote.service.DriverService.checkExecutable(DriverService.java:146)
	at org.openqa.selenium.firefox.GeckoDriverService.access$000(GeckoDriverService.java:44)
	at org.openqa.selenium.firefox.GeckoDriverService$Builder.usingFirefoxBinary(GeckoDriverService.java:160)
	at org.openqa.selenium.firefox.FirefoxDriver.toExecutor(FirefoxDriver.java:187)
	at org.openqa.selenium.firefox.FirefoxDriver.<init>(FirefoxDriver.java:147)
	at org.openqa.selenium.firefox.FirefoxDriver.<init>(FirefoxDriver.java:125)
	at resources.base.initializeTest(base.java:41)
	at Academy.HomePage.initialize(HomePage.java:29)
... Removed 23 stack frames]]>
    </failure>
  </testcase> <!-- @BeforeTest initialize -->
  <testcase name="@AfterTest teardown" time="0.0" classname="Academy.HomePage">
    <skipped/>
  </testcase> <!-- @AfterTest teardown -->
  <testcase name="basePageNav" time="0.0" classname="Academy.HomePage">
    <skipped/>
  </testcase> <!-- basePageNav -->
  <testcase name="basePageNav" time="0.0" classname="Academy.HomePage">
    <skipped/>
  </testcase> <!-- basePageNav -->
</testsuite> <!-- Test -->
