-------------------------------------------------------------------------------
Test set: TestSuite
-------------------------------------------------------------------------------
Tests run: 2, Failures: 1, Errors: 0, Skipped: 0, Time elapsed: 43.809 s <<< FAILURE! - in TestSuite
basePageNav(Academy.HomePage)  Time elapsed: 0.682 s  <<< FAILURE!
java.lang.IllegalArgumentException: Keys to send should be a not null CharSequence
	at Academy.HomePage.basePageNav(HomePage.java:42)

